build/app/intermediates/manifest_merge_blame_file/debug/manifest-merger-blame-debug-report.txt
1<?xml version="1.0" encoding="utf-8"?>
2<manifest xmlns:android="http://schemas.android.com/apk/res/android"
3    package="br.edu.ufal.pibic.logic_elements_pibic"
4    android:versionCode="1"
5    android:versionName="2.2.2" >
6
7    <uses-sdk
8        android:minSdkVersion="16"
9        android:targetSdkVersion="29" />
10    <!--
11         Flutter needs it to communicate with the running application
12         to allow setting breakpoints, to provide hot reload, etc.
13    -->
14    <!-- <uses-permission android:name="android.permission.READ_EXTERNAL_STORAGE"/> -->
15    <!-- <uses-permission android:name="android.permission.WRITE_EXTERNAL_STORAGE"/> -->
16    <uses-permission android:name="android.permission.INTERNET" />
16-->src/main/AndroidManifest.xml:10:5-66
16-->src/main/AndroidManifest.xml:10:22-64
17    <!--
18     io.flutter.app.FlutterApplication is an android.app.Application that
19         calls FlutterMain.startInitialization(this); in its onCreate method.
20         In most cases you can leave this as-is, but you if you want to provide
21         additional functionality it is fine to subclass or reimplement
22         FlutterApplication and put your custom class here.
23    -->
24    <uses-permission android:name="android.permission.WRITE_EXTERNAL_STORAGE" />
24-->src/main/AndroidManifest.xml:8:5-81
24-->src/main/AndroidManifest.xml:8:22-78
25    <uses-permission android:name="android.permission.READ_EXTERNAL_STORAGE" />
25-->src/main/AndroidManifest.xml:9:5-80
25-->src/main/AndroidManifest.xml:9:22-77
26
27    <application
27-->src/main/AndroidManifest.xml:12:5-51:19
28        android:name="io.flutter.app.FlutterApplication"
28-->src/main/AndroidManifest.xml:14:9-57
29        android:appComponentFactory="androidx.core.app.CoreComponentFactory"
29-->[androidx.core:core:1.1.0] AndroidManifest.xml:24:18-86
30        android:debuggable="true"
31        android:icon="@mipmap/ic_launcher"
31-->src/main/AndroidManifest.xml:16:9-43
32        android:label="logic_elements_pibic"
32-->src/main/AndroidManifest.xml:15:9-45
33        android:requestLegacyExternalStorage="true" >
33-->src/main/AndroidManifest.xml:13:9-52
34        <activity
34-->src/main/AndroidManifest.xml:17:9-45:20
35            android:name="br.edu.ufal.pibic.logic_elements_pibic.MainActivity"
35-->src/main/AndroidManifest.xml:18:13-41
36            android:configChanges="orientation|keyboardHidden|keyboard|screenSize|smallestScreenSize|locale|layoutDirection|fontScale|screenLayout|density|uiMode"
36-->src/main/AndroidManifest.xml:21:13-163
37            android:hardwareAccelerated="true"
37-->src/main/AndroidManifest.xml:22:13-47
38            android:launchMode="singleTop"
38-->src/main/AndroidManifest.xml:19:13-43
39            android:theme="@style/LaunchTheme"
39-->src/main/AndroidManifest.xml:20:13-47
40            android:windowSoftInputMode="adjustResize" >
40-->src/main/AndroidManifest.xml:23:13-55
41
42            <!--
43                 Specifies an Android theme to apply to this Activity as soon as
44                 the Android process has started. This theme is visible to the user
45                 while the Flutter UI initializes. After that, this theme continues
46                 to determine the Window background behind the Flutter UI.
47            -->
48            <meta-data
48-->src/main/AndroidManifest.xml:28:13-31:17
49                android:name="io.flutter.embedding.android.NormalTheme"
49-->src/main/AndroidManifest.xml:29:15-70
50                android:resource="@style/NormalTheme" />
50-->src/main/AndroidManifest.xml:30:15-52
51            <!--
52                 Displays an Android View that continues showing the launch screen
53                 Drawable until Flutter paints its first frame, then this splash
54                 screen fades out. A splash screen is useful to avoid any visual
55                 gap between the end of Android's launch screen and the painting of
56                 Flutter's first frame.
57            -->
58            <meta-data
58-->src/main/AndroidManifest.xml:37:13-40:17
59                android:name="io.flutter.embedding.android.SplashScreenDrawable"
59-->src/main/AndroidManifest.xml:38:15-79
60                android:resource="@drawable/launch_background" />
60-->src/main/AndroidManifest.xml:39:15-61
61
62            <intent-filter>
62-->src/main/AndroidManifest.xml:41:13-44:29
63                <action android:name="android.intent.action.MAIN" />
63-->src/main/AndroidManifest.xml:42:17-68
63-->src/main/AndroidManifest.xml:42:25-66
64
65                <category android:name="android.intent.category.LAUNCHER" />
65-->src/main/AndroidManifest.xml:43:17-76
65-->src/main/AndroidManifest.xml:43:27-74
66            </intent-filter>
67        </activity>
68        <!--
69             Don't delete the meta-data below.
70             This is used by the Flutter tool to generate GeneratedPluginRegistrant.java
71        -->
72        <meta-data
72-->src/main/AndroidManifest.xml:48:9-50:33
73            android:name="flutterEmbedding"
73-->src/main/AndroidManifest.xml:49:13-44
74            android:value="2" />
74-->src/main/AndroidManifest.xml:50:13-30
75
76        <activity
76-->[:url_launcher] AndroidManifest.xml:8:9-11:74
77            android:name="io.flutter.plugins.urllauncher.WebViewActivity"
77-->[:url_launcher] AndroidManifest.xml:9:13-74
78            android:exported="false"
78-->[:url_launcher] AndroidManifest.xml:10:13-37
79            android:theme="@android:style/Theme.NoTitleBar.Fullscreen" />
79-->[:url_launcher] AndroidManifest.xml:11:13-71
80
81        <provider
81-->[:share_extend] AndroidManifest.xml:8:9-13:20
82            android:name="com.zt.shareextend.ShareExtendProvider"
82-->[:share_extend] AndroidManifest.xml:9:13-66
83            android:authorities="br.edu.ufal.pibic.logic_elements_pibic.shareextend.fileprovider"
83-->[:share_extend] AndroidManifest.xml:10:13-76
84            android:exported="false"
84-->[:share_extend] AndroidManifest.xml:11:13-37
85            android:grantUriPermissions="true" >
85-->[:share_extend] AndroidManifest.xml:12:13-47
86        </provider>
87
88        <activity
88-->[com.google.android.gms:play-services-auth:16.0.1] AndroidManifest.xml:23:9-27:75
89            android:name="com.google.android.gms.auth.api.signin.internal.SignInHubActivity"
89-->[com.google.android.gms:play-services-auth:16.0.1] AndroidManifest.xml:24:13-93
90            android:excludeFromRecents="true"
90-->[com.google.android.gms:play-services-auth:16.0.1] AndroidManifest.xml:25:13-46
91            android:exported="false"
91-->[com.google.android.gms:play-services-auth:16.0.1] AndroidManifest.xml:26:13-37
92            android:theme="@android:style/Theme.Translucent.NoTitleBar" />
92-->[com.google.android.gms:play-services-auth:16.0.1] AndroidManifest.xml:27:13-72
93        <!--
94            Service handling Google Sign-In user revocation. For apps that do not integrate with
95            Google Sign-In, this service will never be started.
96        -->
97        <service
97-->[com.google.android.gms:play-services-auth:16.0.1] AndroidManifest.xml:33:9-36:110
98            android:name="com.google.android.gms.auth.api.signin.RevocationBoundService"
98-->[com.google.android.gms:play-services-auth:16.0.1] AndroidManifest.xml:34:13-89
99            android:exported="true"
99-->[com.google.android.gms:play-services-auth:16.0.1] AndroidManifest.xml:35:13-36
100            android:permission="com.google.android.gms.auth.api.signin.permission.REVOCATION_NOTIFICATION" />
100-->[com.google.android.gms:play-services-auth:16.0.1] AndroidManifest.xml:36:13-107
101
102        <activity
102-->[com.google.android.gms:play-services-base:16.0.1] AndroidManifest.xml:23:9-26:75
103            android:name="com.google.android.gms.common.api.GoogleApiActivity"
103-->[com.google.android.gms:play-services-base:16.0.1] AndroidManifest.xml:24:13-79
104            android:exported="false"
104-->[com.google.android.gms:play-services-base:16.0.1] AndroidManifest.xml:25:13-37
105            android:theme="@android:style/Theme.Translucent.NoTitleBar" />
105-->[com.google.android.gms:play-services-base:16.0.1] AndroidManifest.xml:26:13-72
106
107        <meta-data
107-->[com.google.android.gms:play-services-basement:16.0.1] AndroidManifest.xml:23:9-25:69
108            android:name="com.google.android.gms.version"
108-->[com.google.android.gms:play-services-basement:16.0.1] AndroidManifest.xml:24:13-58
109            android:value="@integer/google_play_services_version" />
109-->[com.google.android.gms:play-services-basement:16.0.1] AndroidManifest.xml:25:13-66
110    </application>
111
112</manifest>